<?xml version="1.0" encoding="UTF-8"?>
<!-- Generated by org.testng.reporters.JUnitReportReporter -->
<testsuite hostname="DESKTOP-PALE4QF" failures="0" tests="1" name="testScript.AdminUsersTest" time="10.867" errors="0" timestamp="2025-05-27T10:38:16 IST" skipped="0">
  <testcase classname="testScript.AdminUsersTest" name="adminUsersTest" time="10.867"/>
</testsuite> <!-- testScript.AdminUsersTest -->
