<?xml version="1.0" encoding="UTF-8"?>
<!-- Generated by org.testng.reporters.JUnitReportReporter -->
<testsuite hostname="DESKTOP-PALE4QF" failures="0" tests="1" name="testScript.LoginTest" time="4.402" errors="0" timestamp="2025-05-27T09:33:56 IST" skipped="0">
  <testcase classname="testScript.LoginTest" name="verifyTheUserIsAbleToLoginUsingValidCreadentials" time="4.402"/>
</testsuite> <!-- testScript.LoginTest -->
