<?xml version="1.0" encoding="UTF-8"?>
<!-- Generated by org.testng.reporters.JUnitReportReporter -->
<testsuite hostname="DESKTOP-PALE4QF" failures="0" tests="3" name="testScript.AdminUsersTest" time="23.226" errors="0" timestamp="2025-05-27T09:34:45 IST" skipped="2">
  <testcase classname="testScript.AdminUsersTest" name="adminUsersTest" time="4.144"/>
  <testcase classname="testScript.AdminUsersTest" name="adminUsersTest" time="16.493">
    <skipped/>
  </testcase> <!-- adminUsersTest -->
  <testcase classname="testScript.AdminUsersTest" name="adminUsersTest" time="2.589">
    <skipped/>
  </testcase> <!-- adminUsersTest -->
</testsuite> <!-- testScript.AdminUsersTest -->
