<?xml version="1.0" encoding="UTF-8"?>
<!-- Generated by org.testng.reporters.JUnitReportReporter -->
<testsuite hostname="DESKTOP-PALE4QF" failures="0" tests="2" name="testScript.AdminUsersTest" time="23.816" errors="0" timestamp="2025-06-03T00:23:41 IST" skipped="1">
  <testcase classname="testScript.AdminUsersTest" name="adminUsersTest" time="7.177"/>
  <testcase classname="testScript.AdminUsersTest" name="adminUsersTest" time="16.639">
    <skipped/>
  </testcase> <!-- adminUsersTest -->
</testsuite> <!-- testScript.AdminUsersTest -->
