<?xml version="1.0" encoding="UTF-8"?>
<!-- Generated by org.testng.reporters.JUnitReportReporter -->
<testsuite hostname="DESKTOP-PALE4QF" failures="0" tests="1" name="testScript.Login" time="6.721" errors="0" timestamp="2025-05-19T08:52:02 IST" skipped="0">
  <testcase classname="testScript.Login" name="loginTest" time="6.721"/>
</testsuite> <!-- testScript.Login -->
